I0617 03:47:02.133134   30032 load.go:31] Reloading schema and connectors...
I0617 03:47:02.380096   30032 control.go:100] [projects/emulator/locations/emulator/services/nsrit-school-2b749-service 1167] UpdateResources(): done
Main schema: sources: schema\schema.gql [23750B] 
Connector "nsrit": sources: connectors\nsrit\mutations.gql [60486B] connectors\nsrit\queries.gql [68377B] 
I0617 03:47:02.799673   30032 codegen.go:101] [connector "nsrit" javascriptSdk] Generating sources into "D:\\NSRITSchoolApp\\src\\dataconnect-generated"
I0617 03:47:02.877519   30032 collector.go:107] schema extensions wrote into "D:\\NSRITSchoolApp\\dataconnect\\.dataconnect\\schema"
Generated sources: main\relation.gql [291636B] main\query.gql [47389B] main\mutation.gql [129895B] prelude.gql [84995B] main\input.gql [556740B] 
I0617 03:47:02.894907   30032 collector.go:107] connector "nsrit" javascriptSdk wrote into "D:\\NSRITSchoolApp\\src\\dataconnect-generated"
Generated sources: .guides/setup.md [584B] .guides/config.json [236B] esm\index.esm.js [75755B] esm\package.json [17B] index.cjs.js [84351B] .guides/usage.md [2234B] index.d.ts [184299B] package.json [613B] README.md [677884B] 
I0617 03:47:02.901497   30032 installsdk.go:55] Package @dataconnect/generated is already installed. Skipping installation
I0617 03:47:02.902189   30032 load.go:109] Finished reloading
I0617 03:47:02.903264   30032 dev.go:104] Listening on address (HTTP + gRPC): 127.0.0.1:9399
I0617 03:47:02.903264   30032 dev.go:104] Listening on address (HTTP + gRPC): [::1]:9399
I0617 03:47:06.901940   30032 control.go:100] [projects/emulator/locations/emulator/services/nsrit-school-2b749-service af6f] UpdateResources(): done
Main schema: sources: schema\schema.gql [23750B] 
Connector "nsrit": sources: connectors\nsrit\queries.gql [68377B] connectors\nsrit\mutations.gql [60486B] 
I0617 03:47:07.168484   30032 configure_emulator.go:21] ConfigureEmulator successed
Request: service_id: "nsrit-school-2b749-service"
connection_string: "postgres://127.0.0.1:5432/nsrit-school-2b749-2-database?sslmode=disable"
database: "nsrit-school-2b749-2-database"

Response: 
W0617 04:00:44.821359   30032 execute.go:51] Database ping is slow 23.4121ms
stats before: sql.DBStats{MaxOpenConnections:0, OpenConnections:1, InUse:0, Idle:1, WaitCount:0, WaitDuration:0, MaxIdleClosed:0, MaxIdleTimeClosed:0, MaxLifetimeClosed:0}
stats After: sql.DBStats{MaxOpenConnections:0, OpenConnections:1, InUse:0, Idle:1, WaitCount:0, WaitDuration:0, MaxIdleClosed:0, MaxIdleTimeClosed:0, MaxLifetimeClosed:0}
I0617 04:00:44.913523   30032 engine.go:209] [projects/emulator/locations/emulator/services/nsrit-school-2b749-service af6f] ExecuteQuery query GetCurrentUser: succeeded. Connector: nsrit
I0617 04:00:45.287260   30032 execute.go:57] Database ping is quick (likely cached), took 530.1µs
I0617 04:00:45.298734   30032 engine.go:209] [projects/emulator/locations/emulator/services/nsrit-school-2b749-service af6f] ExecuteQuery query GetUserByPhone: succeeded. Connector: nsrit
I0617 04:00:45.376621   30032 execute.go:57] Database ping is quick (likely cached), took 583.6µs
I0617 04:00:45.411418   30032 engine.go:209] [projects/emulator/locations/emulator/services/nsrit-school-2b749-service af6f] ExecuteMutation mutation ClaimUserFirebaseUID: succeeded. Connector: nsrit
I0617 04:00:45.459772   30032 execute.go:57] Database ping is quick (likely cached), took 539.1µs
I0617 04:00:45.462276   30032 engine.go:209] [projects/emulator/locations/emulator/services/nsrit-school-2b749-service af6f] ExecuteQuery query GetCurrentUser: succeeded. Connector: nsrit
I0617 04:00:45.802227   30032 execute.go:57] Database ping is quick (likely cached), took 540.4µs
I0617 04:00:45.890737   30032 every.go:43] @check passed after running 1 checks
I0617 04:00:45.891934   30032 engine.go:209] [projects/emulator/locations/emulator/services/nsrit-school-2b749-service af6f] ExecuteQuery query GetFeeReports: succeeded. Connector: nsrit
I0617 04:00:45.913870   30032 execute.go:57] Database ping is quick (likely cached), took 1.0208ms
I0617 04:00:45.929041   30032 engine.go:209] [projects/emulator/locations/emulator/services/nsrit-school-2b749-service af6f] ExecuteQuery query GetAcademicClasses: succeeded. Connector: nsrit
I0617 04:00:45.930124   30032 execute.go:57] Database ping is quick (likely cached), took 532.9µs
I0617 04:00:45.934920   30032 engine.go:209] [projects/emulator/locations/emulator/services/nsrit-school-2b749-service af6f] ExecuteQuery query GetWingsByBranch: succeeded. Connector: nsrit
I0617 04:00:45.969090   30032 execute.go:57] Database ping is quick (likely cached), took 522.8µs
I0617 04:00:46.010084   30032 every.go:43] @check passed after running 1 checks
I0617 04:00:46.010084   30032 engine.go:209] [projects/emulator/locations/emulator/services/nsrit-school-2b749-service af6f] ExecuteQuery query GetPaymentHistory: succeeded. Connector: nsrit
I0617 04:00:57.141336   30032 execute.go:57] Database ping is quick (likely cached), took 575.6µs
I0617 04:00:57.146687   30032 engine.go:209] [projects/emulator/locations/emulator/services/nsrit-school-2b749-service af6f] ExecuteQuery query GetActiveAcademicClasses: succeeded. Connector: nsrit
I0617 04:00:57.150225   30032 execute.go:57] Database ping is quick (likely cached), took 585.2µs
I0617 04:00:57.191804   30032 every.go:43] @check passed after running 1 checks
I0617 04:00:57.191804   30032 engine.go:209] [projects/emulator/locations/emulator/services/nsrit-school-2b749-service af6f] ExecuteQuery query GetSections: succeeded. Connector: nsrit
I0617 04:01:46.199183   30032 execute.go:57] Database ping is quick (likely cached), took 1.578ms
I0617 04:01:46.215275   30032 engine.go:209] [projects/emulator/locations/emulator/services/nsrit-school-2b749-service af6f] ExecuteQuery query GetAcademicClasses: succeeded. Connector: nsrit
I0617 04:01:46.216973   30032 execute.go:57] Database ping is quick (likely cached), took 1.1411ms
I0617 04:01:46.249522   30032 every.go:43] @check passed after running 1 checks
I0617 04:01:46.249522   30032 engine.go:209] [projects/emulator/locations/emulator/services/nsrit-school-2b749-service af6f] ExecuteQuery query GetSections: succeeded. Connector: nsrit
I0617 04:02:07.542730   30032 execute.go:57] Database ping is quick (likely cached), took 1.1241ms
I0617 04:02:07.584677   30032 every.go:43] @check passed after running 1 checks
I0617 04:02:07.585281   30032 engine.go:209] [projects/emulator/locations/emulator/services/nsrit-school-2b749-service af6f] ExecuteQuery query GetStudents: succeeded. Connector: nsrit
I0617 04:04:18.360725   30032 execute.go:57] Database ping is quick (likely cached), took 539.6µs
I0617 04:04:18.405319   30032 engine.go:209] [projects/emulator/locations/emulator/services/nsrit-school-2b749-service af6f] ExecuteQuery query GetCurrentUser: succeeded. Connector: nsrit
I0617 04:04:18.470389   30032 execute.go:57] Database ping is quick (likely cached), took 1.3669ms
I0617 04:04:18.473138   30032 engine.go:209] [projects/emulator/locations/emulator/services/nsrit-school-2b749-service af6f] ExecuteQuery query GetUserByPhone: succeeded. Connector: nsrit
I0617 04:04:18.530599   30032 execute.go:57] Database ping is quick (likely cached), took 599.9µs
I0617 04:04:18.532696   30032 engine.go:209] [projects/emulator/locations/emulator/services/nsrit-school-2b749-service af6f] ExecuteMutation mutation ClaimUserFirebaseUID: succeeded. Connector: nsrit
I0617 04:04:18.580880   30032 execute.go:57] Database ping is quick (likely cached), took 552.1µs
I0617 04:04:18.583822   30032 engine.go:209] [projects/emulator/locations/emulator/services/nsrit-school-2b749-service af6f] ExecuteQuery query GetCurrentUser: succeeded. Connector: nsrit
I0617 04:04:18.654451   30032 execute.go:57] Database ping is quick (likely cached), took 536.5µs
I0617 04:04:18.660719   30032 engine.go:209] [projects/emulator/locations/emulator/services/nsrit-school-2b749-service af6f] ExecuteQuery query GetParentByUser: succeeded. Connector: nsrit
I0617 04:04:18.967577   30032 execute.go:57] Database ping is quick (likely cached), took 1.392ms
I0617 04:04:19.033880   30032 every.go:43] @check passed after running 1 checks
I0617 04:04:19.033880   30032 engine.go:209] [projects/emulator/locations/emulator/services/nsrit-school-2b749-service af6f] ExecuteQuery query GetParentChildren: succeeded. Connector: nsrit
I0617 04:05:00.923144   30032 execute.go:57] Database ping is quick (likely cached), took 916.3µs
I0617 04:05:01.008495   30032 every.go:43] @check passed after running 1 checks
I0617 04:05:01.008495   30032 engine.go:209] [projects/emulator/locations/emulator/services/nsrit-school-2b749-service af6f] ExecuteQuery query GetParentChildren: succeeded. Connector: nsrit
I0617 04:05:01.200482   30032 execute.go:57] Database ping is quick (likely cached), took 2.0984ms
I0617 04:05:01.215973   30032 engine.go:209] [projects/emulator/locations/emulator/services/nsrit-school-2b749-service af6f] ExecuteQuery query GetAttendanceByMonth: succeeded. Connector: nsrit
I0617 04:05:08.728616   30032 execute.go:57] Database ping is quick (likely cached), took 1.1296ms
I0617 04:05:08.793726   30032 every.go:43] @check passed after running 1 checks
I0617 04:05:08.793726   30032 engine.go:209] [projects/emulator/locations/emulator/services/nsrit-school-2b749-service af6f] ExecuteQuery query GetParentChildren: succeeded. Connector: nsrit
I0617 04:05:15.455506   30032 execute.go:57] Database ping is quick (likely cached), took 567.6µs
I0617 04:05:15.509886   30032 every.go:43] @check passed after running 1 checks
I0617 04:05:15.510493   30032 engine.go:209] [projects/emulator/locations/emulator/services/nsrit-school-2b749-service af6f] ExecuteQuery query GetParentChildren: succeeded. Connector: nsrit
W0617 10:37:31.591860   30032 execute.go:51] Database ping is slow 37.1738ms
stats before: sql.DBStats{MaxOpenConnections:0, OpenConnections:1, InUse:0, Idle:1, WaitCount:0, WaitDuration:0, MaxIdleClosed:0, MaxIdleTimeClosed:0, MaxLifetimeClosed:0}
stats After: sql.DBStats{MaxOpenConnections:0, OpenConnections:1, InUse:0, Idle:1, WaitCount:0, WaitDuration:0, MaxIdleClosed:0, MaxIdleTimeClosed:0, MaxLifetimeClosed:0}
I0617 10:37:31.640534   30032 engine.go:209] [projects/emulator/locations/emulator/services/nsrit-school-2b749-service af6f] ExecuteQuery query GetCurrentUser: succeeded. Connector: nsrit
I0617 10:37:32.060229   30032 execute.go:57] Database ping is quick (likely cached), took 613.5µs
I0617 10:37:32.072786   30032 engine.go:209] [projects/emulator/locations/emulator/services/nsrit-school-2b749-service af6f] ExecuteQuery query GetParentByUser: succeeded. Connector: nsrit
I0617 10:37:33.692193   30032 execute.go:57] Database ping is quick (likely cached), took 1.4498ms
I0617 10:37:33.830332   30032 every.go:43] @check passed after running 1 checks
I0617 10:37:33.831990   30032 engine.go:209] [projects/emulator/locations/emulator/services/nsrit-school-2b749-service af6f] ExecuteQuery query GetParentChildren: succeeded. Connector: nsrit
